<?xml version="1.0" encoding="UTF-8"?>
<!-- Generated by org.testng.reporters.JUnitXMLReporter -->
<testsuite ignored="0" hostname="nihar" failures="1" tests="2" name="Error validation Test" time="68.279" errors="0" timestamp="2024-04-04T15:12:01 IST">
  <testcase classname="NiharSelenium.Tests.ErrorValidationTest" name="loginErrorMsgValidation" time="3.668">
    <failure type="java.lang.AssertionError" message="expected [Incorrect email or password.] but found [Incorrect email or .]">
      <![CDATA[java.lang.AssertionError: expected [Incorrect email or password.] but found [Incorrect email or .]
at NiharSelenium.Tests.ErrorValidationTest.loginErrorMsgValidation(ErrorValidationTest.java:21)
at java.base/java.util.ArrayList.forEach(ArrayList.java:1541)
at java.base/java.util.concurrent.FutureTask.run(FutureTask.java:264)
at java.base/java.util.concurrent.ThreadPoolExecutor.runWorker(ThreadPoolExecutor.java:1128)
at java.base/java.util.concurrent.ThreadPoolExecutor$Worker.run(ThreadPoolExecutor.java:628)
at java.base/java.lang.Thread.run(Thread.java:834)
... Removed 23 stack frames]]>
    </failure>
  </testcase> <!-- loginErrorMsgValidation -->
  <testcase classname="NiharSelenium.Tests.ErrorValidationTest" name="productErrorValidation" time="2.683"/>
</testsuite> <!-- Error validation Test -->
